::1 - - [21/Jun/2020:14:57:04 +0300] "GET /index.php HTTP/1.1" 404 196
::1 - - [21/Jun/2020:14:57:15 +0300] "GET /index.php HTTP/1.1" 404 196
::1 - - [21/Jun/2020:14:57:46 +0300] "GET /index.php HTTP/1.1" 404 196
::1 - - [21/Jun/2020:15:01:42 +0300] "GET /index.php HTTP/1.1" 200 72860
::1 - - [21/Jun/2020:15:01:42 +0300] "GET /favicon.ico HTTP/1.1" 404 196
::1 - - [21/Jun/2020:15:59:34 +0300] "GET /index.html HTTP/1.1" 200 11668
::1 - - [21/Jun/2020:15:59:34 +0300] "GET /plot1.png HTTP/1.1" 404 196
::1 - - [21/Jun/2020:15:59:34 +0300] "GET /back.png HTTP/1.1" 404 196
::1 - - [21/Jun/2020:15:59:34 +0300] "GET /icon.png HTTP/1.1" 404 196
::1 - - [21/Jun/2020:16:00:30 +0300] "GET /index.html HTTP/1.1" 304 -
::1 - - [21/Jun/2020:16:00:31 +0300] "GET /plot1.png HTTP/1.1" 200 14750
::1 - - [21/Jun/2020:16:00:31 +0300] "GET /back.png HTTP/1.1" 200 172169
::1 - - [21/Jun/2020:16:00:38 +0300] "GET /lab1.php?inputX=-4 HTTP/1.1" 404 196
::1 - - [21/Jun/2020:16:10:02 +0300] "GET /index.php HTTP/1.1" 200 -
::1 - - [21/Jun/2020:16:10:08 +0300] "GET /index.php HTTP/1.1" 200 11668
::1 - - [21/Jun/2020:16:10:24 +0300] "GET /index.php HTTP/1.1" 200 11668
::1 - - [21/Jun/2020:18:03:13 +0300] "GET /index.php HTTP/1.1" 200 11668
::1 - - [21/Jun/2020:18:14:33 +0300] "GET /index.php HTTP/1.1" 200 11668
::1 - - [21/Jun/2020:18:15:30 +0300] "GET /index.php HTTP/1.1" 200 11683
::1 - - [21/Jun/2020:18:15:37 +0300] "GET /index.php HTTP/1.1" 200 11683
127.0.0.1 - - [21/Jun/2020:18:21:41 +0300] "GET / HTTP/1.1" 200 11683
127.0.0.1 - - [21/Jun/2020:18:21:41 +0300] "GET /plot1.png HTTP/1.1" 200 14750
127.0.0.1 - - [21/Jun/2020:18:21:41 +0300] "GET /back.png HTTP/1.1" 200 172169
127.0.0.1 - - [21/Jun/2020:18:21:41 +0300] "GET /favicon.ico HTTP/1.1" 200 1150
::1 - - [21/Jun/2020:18:21:59 +0300] "GET / HTTP/1.1" 200 11683
::1 - - [21/Jun/2020:18:22:26 +0300] "GET /index.php HTTP/1.1" 200 11703
::1 - - [21/Jun/2020:18:22:30 +0300] "GET /index.php HTTP/1.1" 200 11703
::1 - - [21/Jun/2020:18:22:31 +0300] "GET /index.php HTTP/1.1" 200 11703
::1 - - [21/Jun/2020:21:35:04 +0300] "GET /index.php HTTP/1.1" 200 281
::1 - - [21/Jun/2020:21:35:24 +0300] "GET /index.php HTTP/1.1" 200 281
::1 - - [21/Jun/2020:21:36:11 +0300] "GET /index.php HTTP/1.1" 200 281
::1 - - [21/Jun/2020:21:36:13 +0300] "GET /index.php HTTP/1.1" 200 281
::1 - - [21/Jun/2020:21:36:14 +0300] "GET /index.php HTTP/1.1" 200 281
::1 - - [21/Jun/2020:21:36:14 +0300] "GET /index.php HTTP/1.1" 200 281
::1 - - [21/Jun/2020:21:36:35 +0300] "GET /index.php HTTP/1.1" 200 281
::1 - - [21/Jun/2020:21:36:36 +0300] "GET /index.php HTTP/1.1" 200 281
::1 - - [21/Jun/2020:21:36:36 +0300] "GET /index.php HTTP/1.1" 200 281
::1 - - [21/Jun/2020:21:36:37 +0300] "GET /index.php HTTP/1.1" 200 281
::1 - - [21/Jun/2020:21:36:37 +0300] "GET /index.php HTTP/1.1" 200 281
::1 - - [21/Jun/2020:21:36:37 +0300] "GET /index.php HTTP/1.1" 200 281
::1 - - [21/Jun/2020:21:37:37 +0300] "GET /index.php HTTP/1.1" 200 11677
::1 - - [21/Jun/2020:21:37:37 +0300] "GET /plot1.png HTTP/1.1" 200 14750
::1 - - [21/Jun/2020:21:37:37 +0300] "GET /back.png HTTP/1.1" 200 172169
::1 - - [21/Jun/2020:21:37:51 +0300] "GET /lab1.php?inputX=-5 HTTP/1.1" 404 196
::1 - - [21/Jun/2020:21:38:04 +0300] "GET /lab1.php?inputX=-5 HTTP/1.1" 404 196
::1 - - [21/Jun/2020:21:38:05 +0300] "GET /lab1.php?inputX=-5 HTTP/1.1" 404 196
::1 - - [21/Jun/2020:21:38:09 +0300] "GET /lab1.php?inputX=-5 HTTP/1.1" 404 196
::1 - - [21/Jun/2020:21:38:36 +0300] "GET /index.php HTTP/1.1" 200 11678
::1 - - [21/Jun/2020:21:38:41 +0300] "GET /index.php?inputX=-4 HTTP/1.1" 200 11678
::1 - - [21/Jun/2020:22:19:23 +0300] "GET /index.php? HTTP/1.1" 200 11678
::1 - - [21/Jun/2020:22:19:25 +0300] "GET /index.php? HTTP/1.1" 200 11678
::1 - - [21/Jun/2020:22:25:06 +0300] "GET /index.php? HTTP/1.1" 200 11861
::1 - - [21/Jun/2020:22:25:14 +0300] "GET /index.php?inputX=-4 HTTP/1.1" 200 11861
::1 - - [21/Jun/2020:22:25:31 +0300] "GET /index.php?inputX=-2 HTTP/1.1" 200 11861
::1 - - [21/Jun/2020:22:26:13 +0300] "GET /index.php?inputX=-2 HTTP/1.1" 200 12071
::1 - - [21/Jun/2020:22:26:26 +0300] "GET /index.php?inputX=-3 HTTP/1.1" 200 12071
